Arguments: 
  C:\Program Files\nodejs\node.exe C:\Program Files (x86)\Yarn\bin\yarn.js add doenv express-session express-validator mongoose password-validator multer cors

PATH: 
  C:\Users\SSx\bin;C:\Program Files\Git\mingw64\bin;C:\Program Files\Git\usr\local\bin;C:\Program Files\Git\usr\bin;C:\Program Files\Git\usr\bin;C:\Program Files\Git\mingw64\bin;C:\Program Files\Git\usr\bin;C:\Users\SSx\bin;C:\Program Files (x86)\Intel\iCLS Client;C:\Program Files\Intel\iCLS Client;C:\WINDOWS\system32;C:\WINDOWS;C:\WINDOWS\System32\Wbem;C:\WINDOWS\System32\WindowsPowerShell\v1.0;C:\WINDOWS\System32\OpenSSH;C:\Program Files (x86)\Intel\Intel(R) Management Engine Components\DAL;C:\Program Files\Intel\Intel(R) Management Engine Components\DAL;C:\Program Files (x86)\Intel\Intel(R) Management Engine Components\IPT;C:\Program Files\Intel\Intel(R) Management Engine Components\IPT;C:\Program Files (x86)\Yarn\bin;C:\Program Files\Git\cmd;C:\Program Files\Git\mingw64\bin;C:\Program Files\Git\usr\bin;C:\composer;C:\Program Files\nodejs;C:\Users\SSx\AppData\Local\Microsoft\WindowsApps;C:\Program Files\PHP;C:\Users\SSx\AppData\Local\atom\bin;C:\Users\SSx\AppData\Local\Yarn\bin;C:\Users\SSx\AppData\Local\hyper\app-3.0.2\resources\bin;C:\Users\SSx\AppData\Roaming\Composer\vendor\bin;C:\Users\SSx\AppData\Local\GitHubDesktop\bin;C:\Users\SSx\AppData\Local\Microsoft\WindowsApps;C:\Users\SSx\AppData\Local\Programs\Microsoft VS Code\bin;C:\Users\SSx\AppData\Roaming\npm;C:\Program Files\Git\usr\bin\vendor_perl;C:\Program Files\Git\usr\bin\core_perl

Yarn version: 
  1.17.3

Node version: 
  14.17.5

Platform: 
  win32 x64

Trace: 
  Error: https://registry.yarnpkg.com/doenv: Not found
      at Request.params.callback [as _callback] (C:\Program Files (x86)\Yarn\lib\cli.js:65939:18)
      at Request.self.callback (C:\Program Files (x86)\Yarn\lib\cli.js:140464:22)
      at Request.emit (events.js:400:28)
      at Request.<anonymous> (C:\Program Files (x86)\Yarn\lib\cli.js:141436:10)
      at Request.emit (events.js:400:28)
      at IncomingMessage.<anonymous> (C:\Program Files (x86)\Yarn\lib\cli.js:141358:12)
      at Object.onceWrapper (events.js:519:28)
      at IncomingMessage.emit (events.js:412:35)
      at endReadableNT (internal/streams/readable.js:1317:12)
      at processTicksAndRejections (internal/process/task_queues.js:82:21)

npm manifest: 
  {
    "name": "trippy-basics-api",
    "version": "0.0.0",
    "private": true,
    "scripts": {
      "start": "node ./bin/www"
    },
    "dependencies": {
      "cookie-parser": "~1.4.4",
      "debug": "~2.6.9",
      "express": "~4.16.1",
      "hbs": "~4.0.4",
      "http-errors": "~1.6.3",
      "morgan": "~1.9.1",
      "node-sass-middleware": "0.11.0"
    }
  }

yarn manifest: 
  No manifest

Lockfile: 
  No lockfile
